# JRE version: OpenJDK Runtime Environment (21.0.6) (build 21.0.6+-13355223-b631.42)
# Java VM: OpenJDK 64-Bit Server VM (21.0.6+-13355223-b631.42, mixed mode, tiered, compressed oops, compressed class ptrs, g1 gc, windows-amd64)
GC Precious Log:
 CardTable entry size: 512
 Card Set container configuration: InlinePtr #cards 5 size 8 Array Of Cards #cards 12 size 40 Howl #buckets 4 coarsen threshold 1843 Howl Bitmap #cards 512 size 80 coarsen threshold 460 Card regions per heap region 1 cards per card region 2048
 CPUs: 12 total, 12 available
 Memory: 7364M
 Large Page Support: Disabled
 NUMA Support: Disabled
 Compressed Oops: Enabled (32-bit)
 Heap Region Size: 1M
 Heap Min Capacity: 8M
 Heap Initial Capacity: 116M
 Heap Max Capacity: 2G
 Pre-touch: Disabled
 Parallel Workers: 10
 Concurrent Workers: 3
 Concurrent Refinement Workers: 10
 Periodic GC: Disabled
Heap:
 garbage-first heap   total 353280K, used 222873K [0x0000000080000000, 0x0000000100000000)
  region size 1024K, 5 young (5120K), 5 survivors (5120K)
 Metaspace       used 146493K, committed 148736K, reserved 1179648K
  class space    used 19930K, committed 21056K, reserved 1048576K
GC Heap History (20 events):
Event: 42.579 GC heap after
{Heap after GC invocations=59 (full 0):
 garbage-first heap   total 270336K, used 144597K [0x0000000080000000, 0x0000000100000000)
  region size 1024K, 4 young (4096K), 4 survivors (4096K)
 Metaspace       used 127241K, committed 129472K, reserved 1179648K
  class space    used 16828K, committed 17984K, reserved 1048576K
}
Event: 43.093 GC heap before
{Heap before GC invocations=59 (full 0):
 garbage-first heap   total 270336K, used 250069K [0x0000000080000000, 0x0000000100000000)
  region size 1024K, 108 young (110592K), 4 survivors (4096K)
 Metaspace       used 127315K, committed 129536K, reserved 1179648K
  class space    used 16841K, committed 17984K, reserved 1048576K
}
Event: 43.098 GC heap after
{Heap after GC invocations=60 (full 0):
 garbage-first heap   total 270336K, used 135789K [0x0000000080000000, 0x0000000100000000)
  region size 1024K, 5 young (5120K), 5 survivors (5120K)
 Metaspace       used 127315K, committed 129536K, reserved 1179648K
  class space    used 16841K, committed 17984K, reserved 1048576K
}
Event: 43.949 GC heap before
{Heap before GC invocations=60 (full 0):
 garbage-first heap   total 270336K, used 248429K [0x0000000080000000, 0x0000000100000000)
  region size 1024K, 116 young (118784K), 5 survivors (5120K)
 Metaspace       used 127416K, committed 129664K, reserved 1179648K
  class space    used 16854K, committed 17984K, reserved 1048576K
}
Event: 43.954 GC heap after
{Heap after GC invocations=61 (full 0):
 garbage-first heap   total 270336K, used 137605K [0x0000000080000000, 0x0000000100000000)
  region size 1024K, 6 young (6144K), 6 survivors (6144K)
 Metaspace       used 127416K, committed 129664K, reserved 1179648K
  class space    used 16854K, committed 17984K, reserved 1048576K
}
Event: 44.797 GC heap before
{Heap before GC invocations=62 (full 0):
 garbage-first heap   total 270336K, used 248197K [0x0000000080000000, 0x0000000100000000)
  region size 1024K, 115 young (117760K), 6 survivors (6144K)
 Metaspace       used 128405K, committed 130624K, reserved 1179648K
  class space    used 16998K, committed 18112K, reserved 1048576K
}
Event: 44.804 GC heap after
{Heap after GC invocations=63 (full 0):
 garbage-first heap   total 270336K, used 148738K [0x0000000080000000, 0x0000000100000000)
  region size 1024K, 15 young (15360K), 15 survivors (15360K)
 Metaspace       used 128405K, committed 130624K, reserved 1179648K
  class space    used 16998K, committed 18112K, reserved 1048576K
}
Event: 45.801 GC heap before
{Heap before GC invocations=63 (full 0):
 garbage-first heap   total 270336K, used 238850K [0x0000000080000000, 0x0000000100000000)
  region size 1024K, 104 young (106496K), 15 survivors (15360K)
 Metaspace       used 133162K, committed 135488K, reserved 1179648K
  class space    used 17724K, committed 18880K, reserved 1048576K
}
Event: 45.828 GC heap after
{Heap after GC invocations=64 (full 0):
 garbage-first heap   total 271360K, used 159457K [0x0000000080000000, 0x0000000100000000)
  region size 1024K, 13 young (13312K), 13 survivors (13312K)
 Metaspace       used 133162K, committed 135488K, reserved 1179648K
  class space    used 17724K, committed 18880K, reserved 1048576K
}
Event: 46.372 GC heap before
{Heap before GC invocations=64 (full 0):
 garbage-first heap   total 271360K, used 242401K [0x0000000080000000, 0x0000000100000000)
  region size 1024K, 95 young (97280K), 13 survivors (13312K)
 Metaspace       used 136900K, committed 139136K, reserved 1179648K
  class space    used 18350K, committed 19456K, reserved 1048576K
}
Event: 46.395 GC heap after
{Heap after GC invocations=65 (full 0):
 garbage-first heap   total 271360K, used 173442K [0x0000000080000000, 0x0000000100000000)
  region size 1024K, 12 young (12288K), 12 survivors (12288K)
 Metaspace       used 136900K, committed 139136K, reserved 1179648K
  class space    used 18350K, committed 19456K, reserved 1048576K
}
Event: 46.754 GC heap before
{Heap before GC invocations=66 (full 0):
 garbage-first heap   total 290816K, used 242050K [0x0000000080000000, 0x0000000100000000)
  region size 1024K, 80 young (81920K), 12 survivors (12288K)
 Metaspace       used 137442K, committed 139712K, reserved 1179648K
  class space    used 18413K, committed 19520K, reserved 1048576K
}
Event: 46.774 GC heap after
{Heap after GC invocations=67 (full 0):
 garbage-first heap   total 290816K, used 187392K [0x0000000080000000, 0x0000000100000000)
  region size 1024K, 10 young (10240K), 10 survivors (10240K)
 Metaspace       used 137442K, committed 139712K, reserved 1179648K
  class space    used 18413K, committed 19520K, reserved 1048576K
}
Event: 47.084 GC heap before
{Heap before GC invocations=67 (full 0):
 garbage-first heap   total 290816K, used 260096K [0x0000000080000000, 0x0000000100000000)
  region size 1024K, 82 young (83968K), 10 survivors (10240K)
 Metaspace       used 139465K, committed 141760K, reserved 1179648K
  class space    used 18838K, committed 19968K, reserved 1048576K
}
Event: 47.104 GC heap after
{Heap after GC invocations=68 (full 0):
 garbage-first heap   total 290816K, used 198656K [0x0000000080000000, 0x0000000100000000)
  region size 1024K, 11 young (11264K), 11 survivors (11264K)
 Metaspace       used 139465K, committed 141760K, reserved 1179648K
  class space    used 18838K, committed 19968K, reserved 1048576K
}
Event: 47.283 GC heap before
{Heap before GC invocations=68 (full 0):
 garbage-first heap   total 290816K, used 262144K [0x0000000080000000, 0x0000000100000000)
  region size 1024K, 74 young (75776K), 11 survivors (11264K)
 Metaspace       used 139999K, committed 142336K, reserved 1179648K
  class space    used 18929K, committed 20096K, reserved 1048576K
}
Event: 47.301 GC heap after
{Heap after GC invocations=69 (full 0):
 garbage-first heap   total 290816K, used 211764K [0x0000000080000000, 0x0000000100000000)
  region size 1024K, 10 young (10240K), 10 survivors (10240K)
 Metaspace       used 139999K, committed 142336K, reserved 1179648K
  class space    used 18929K, committed 20096K, reserved 1048576K
}
Event: 47.942 GC heap before
{Heap before GC invocations=70 (full 0):
 garbage-first heap   total 353280K, used 260916K [0x0000000080000000, 0x0000000100000000)
  region size 1024K, 59 young (60416K), 10 survivors (10240K)
 Metaspace       used 141242K, committed 143488K, reserved 1179648K
  class space    used 19147K, committed 20288K, reserved 1048576K
}
Event: 47.955 GC heap after
{Heap after GC invocations=71 (full 0):
 garbage-first heap   total 353280K, used 221445K [0x0000000080000000, 0x0000000100000000)
  region size 1024K, 8 young (8192K), 8 survivors (8192K)
 Metaspace       used 141242K, committed 143488K, reserved 1179648K
  class space    used 19147K, committed 20288K, reserved 1048576K
}
Event: 48.836 GC heap before
{Heap before GC invocations=71 (full 0):
 garbage-first heap   total 353280K, used 309509K [0x0000000080000000, 0x0000000100000000)
  region size 1024K, 95 young (97280K), 8 survivors (8192K)
 Metaspace       used 146493K, committed 148736K, reserved 1179648K
  class space    used 19930K, committed 21056K, reserved 1048576K
}

