# JRE version: OpenJDK Runtime Environment (21.0.6) (build 21.0.6+-13355223-b631.42)
# Java VM: OpenJDK 64-Bit Server VM (21.0.6+-13355223-b631.42, mixed mode, tiered, compressed oops, compressed class ptrs, g1 gc, windows-amd64)
GC Precious Log:
 CardTable entry size: 512
 Card Set container configuration: InlinePtr #cards 5 size 8 Array Of Cards #cards 12 size 40 Howl #buckets 4 coarsen threshold 1843 Howl Bitmap #cards 512 size 80 coarsen threshold 460 Card regions per heap region 1 cards per card region 2048
 CPUs: 12 total, 12 available
 Memory: 7364M
 Large Page Support: Disabled
 NUMA Support: Disabled
 Compressed Oops: Enabled (32-bit)
 Heap Region Size: 1M
 Heap Min Capacity: 8M
 Heap Initial Capacity: 116M
 Heap Max Capacity: 2G
 Pre-touch: Disabled
 Parallel Workers: 10
 Concurrent Workers: 3
 Concurrent Refinement Workers: 10
 Periodic GC: Disabled
Heap:
 garbage-first heap   total 353280K, used 224256K [0x0000000080000000, 0x0000000100000000)
  region size 1024K, 31 young (31744K), 14 survivors (14336K)
 Metaspace       used 187654K, committed 190400K, reserved 1245184K
  class space    used 24045K, committed 25408K, reserved 1048576K
GC Heap History (20 events):
Event: 35.456 GC heap before
{Heap before GC invocations=53 (full 0):
 garbage-first heap   total 242688K, used 218262K [0x0000000080000000, 0x0000000100000000)
  region size 1024K, 63 young (64512K), 6 survivors (6144K)
 Metaspace       used 151053K, committed 153472K, reserved 1245184K
  class space    used 19200K, committed 20416K, reserved 1048576K
}
Event: 35.463 GC heap after
{Heap after GC invocations=54 (full 0):
 garbage-first heap   total 242688K, used 168313K [0x0000000080000000, 0x0000000100000000)
  region size 1024K, 8 young (8192K), 8 survivors (8192K)
 Metaspace       used 151053K, committed 153472K, reserved 1245184K
  class space    used 19200K, committed 20416K, reserved 1048576K
}
Event: 36.991 GC heap before
{Heap before GC invocations=55 (full 0):
 garbage-first heap   total 281600K, used 218489K [0x0000000080000000, 0x0000000100000000)
  region size 1024K, 57 young (58368K), 8 survivors (8192K)
 Metaspace       used 155246K, committed 157696K, reserved 1245184K
  class space    used 19622K, committed 20800K, reserved 1048576K
}
Event: 36.997 GC heap after
{Heap after GC invocations=56 (full 0):
 garbage-first heap   total 281600K, used 171885K [0x0000000080000000, 0x0000000100000000)
  region size 1024K, 3 young (3072K), 3 survivors (3072K)
 Metaspace       used 155246K, committed 157696K, reserved 1245184K
  class space    used 19622K, committed 20800K, reserved 1048576K
}
Event: 38.832 GC heap before
{Heap before GC invocations=56 (full 0):
 garbage-first heap   total 281600K, used 252781K [0x0000000080000000, 0x0000000100000000)
  region size 1024K, 82 young (83968K), 3 survivors (3072K)
 Metaspace       used 161575K, committed 164096K, reserved 1245184K
  class space    used 20678K, committed 21888K, reserved 1048576K
}
Event: 38.839 GC heap after
{Heap after GC invocations=57 (full 0):
 garbage-first heap   total 281600K, used 175324K [0x0000000080000000, 0x0000000100000000)
  region size 1024K, 6 young (6144K), 6 survivors (6144K)
 Metaspace       used 161575K, committed 164096K, reserved 1245184K
  class space    used 20678K, committed 21888K, reserved 1048576K
}
Event: 40.435 GC heap before
{Heap before GC invocations=57 (full 0):
 garbage-first heap   total 281600K, used 258268K [0x0000000080000000, 0x0000000100000000)
  region size 1024K, 87 young (89088K), 6 survivors (6144K)
 Metaspace       used 167506K, committed 170048K, reserved 1245184K
  class space    used 21536K, committed 22784K, reserved 1048576K
}
Event: 40.449 GC heap after
{Heap after GC invocations=58 (full 0):
 garbage-first heap   total 281600K, used 171356K [0x0000000080000000, 0x0000000100000000)
  region size 1024K, 11 young (11264K), 11 survivors (11264K)
 Metaspace       used 167506K, committed 170048K, reserved 1245184K
  class space    used 21536K, committed 22784K, reserved 1048576K
}
Event: 42.357 GC heap before
{Heap before GC invocations=58 (full 0):
 garbage-first heap   total 281600K, used 254300K [0x0000000080000000, 0x0000000100000000)
  region size 1024K, 92 young (94208K), 11 survivors (11264K)
 Metaspace       used 174151K, committed 176768K, reserved 1245184K
  class space    used 22506K, committed 23808K, reserved 1048576K
}
Event: 42.369 GC heap after
{Heap after GC invocations=59 (full 0):
 garbage-first heap   total 281600K, used 177974K [0x0000000080000000, 0x0000000100000000)
  region size 1024K, 12 young (12288K), 12 survivors (12288K)
 Metaspace       used 174151K, committed 176768K, reserved 1245184K
  class space    used 22506K, committed 23808K, reserved 1048576K
}
Event: 45.469 GC heap before
{Heap before GC invocations=60 (full 0):
 garbage-first heap   total 299008K, used 250678K [0x0000000080000000, 0x0000000100000000)
  region size 1024K, 84 young (86016K), 12 survivors (12288K)
 Metaspace       used 181652K, committed 184320K, reserved 1245184K
  class space    used 23430K, committed 24768K, reserved 1048576K
}
Event: 45.485 GC heap after
{Heap after GC invocations=61 (full 0):
 garbage-first heap   total 299008K, used 184986K [0x0000000080000000, 0x0000000100000000)
  region size 1024K, 11 young (11264K), 11 survivors (11264K)
 Metaspace       used 181652K, committed 184320K, reserved 1245184K
  class space    used 23430K, committed 24768K, reserved 1048576K
}
Event: 47.797 GC heap before
{Heap before GC invocations=61 (full 0):
 garbage-first heap   total 299008K, used 269978K [0x0000000080000000, 0x0000000100000000)
  region size 1024K, 95 young (97280K), 11 survivors (11264K)
 Metaspace       used 181735K, committed 184448K, reserved 1245184K
  class space    used 23430K, committed 24768K, reserved 1048576K
}
Event: 47.812 GC heap after
{Heap after GC invocations=62 (full 0):
 garbage-first heap   total 299008K, used 185825K [0x0000000080000000, 0x0000000100000000)
  region size 1024K, 5 young (5120K), 5 survivors (5120K)
 Metaspace       used 181735K, committed 184448K, reserved 1245184K
  class space    used 23430K, committed 24768K, reserved 1048576K
}
Event: 48.363 GC heap before
{Heap before GC invocations=62 (full 0):
 garbage-first heap   total 299008K, used 208353K [0x0000000080000000, 0x0000000100000000)
  region size 1024K, 29 young (29696K), 5 survivors (5120K)
 Metaspace       used 181959K, committed 184704K, reserved 1245184K
  class space    used 23469K, committed 24832K, reserved 1048576K
}
Event: 48.368 GC heap after
{Heap after GC invocations=63 (full 0):
 garbage-first heap   total 299008K, used 186960K [0x0000000080000000, 0x0000000100000000)
  region size 1024K, 7 young (7168K), 7 survivors (7168K)
 Metaspace       used 181959K, committed 184704K, reserved 1245184K
  class space    used 23469K, committed 24832K, reserved 1048576K
}
Event: 51.870 GC heap before
{Heap before GC invocations=64 (full 0):
 garbage-first heap   total 321536K, used 276048K [0x0000000080000000, 0x0000000100000000)
  region size 1024K, 91 young (93184K), 7 survivors (7168K)
 Metaspace       used 184862K, committed 187584K, reserved 1245184K
  class space    used 23726K, committed 25088K, reserved 1048576K
}
Event: 51.880 GC heap after
{Heap after GC invocations=65 (full 0):
 garbage-first heap   total 321536K, used 192125K [0x0000000080000000, 0x0000000100000000)
  region size 1024K, 12 young (12288K), 12 survivors (12288K)
 Metaspace       used 184862K, committed 187584K, reserved 1245184K
  class space    used 23726K, committed 25088K, reserved 1048576K
}
Event: 54.918 GC heap before
{Heap before GC invocations=65 (full 0):
 garbage-first heap   total 321536K, used 306813K [0x0000000080000000, 0x0000000100000000)
  region size 1024K, 109 young (111616K), 12 survivors (12288K)
 Metaspace       used 187402K, committed 190080K, reserved 1245184K
  class space    used 24026K, committed 25344K, reserved 1048576K
}
Event: 54.953 GC heap after
{Heap after GC invocations=66 (full 0):
 garbage-first heap   total 353280K, used 207872K [0x0000000080000000, 0x0000000100000000)
  region size 1024K, 14 young (14336K), 14 survivors (14336K)
 Metaspace       used 187402K, committed 190080K, reserved 1245184K
  class space    used 24026K, committed 25344K, reserved 1048576K
}

