# JRE version: OpenJDK Runtime Environment (21.0.6) (build 21.0.6+-13355223-b631.42)
# Java VM: OpenJDK 64-Bit Server VM (21.0.6+-13355223-b631.42, mixed mode, tiered, compressed oops, compressed class ptrs, g1 gc, windows-amd64)
GC Precious Log:
 CardTable entry size: 512
 Card Set container configuration: InlinePtr #cards 5 size 8 Array Of Cards #cards 12 size 40 Howl #buckets 4 coarsen threshold 1843 Howl Bitmap #cards 512 size 80 coarsen threshold 460 Card regions per heap region 1 cards per card region 2048
 CPUs: 12 total, 12 available
 Memory: 7364M
 Large Page Support: Disabled
 NUMA Support: Disabled
 Compressed Oops: Enabled (32-bit)
 Heap Region Size: 1M
 Heap Min Capacity: 8M
 Heap Initial Capacity: 116M
 Heap Max Capacity: 2G
 Pre-touch: Disabled
 Parallel Workers: 10
 Concurrent Workers: 3
 Concurrent Refinement Workers: 10
 Periodic GC: Disabled
Heap:
 garbage-first heap   total 167936K, used 151164K [0x0000000080000000, 0x0000000100000000)
  region size 1024K, 52 young (53248K), 4 survivors (4096K)
 Metaspace       used 107295K, committed 109440K, reserved 1179648K
  class space    used 14695K, committed 15808K, reserved 1048576K
GC Heap History (20 events):
Event: 17.867 GC heap before
{Heap before GC invocations=37 (full 0):
 garbage-first heap   total 126976K, used 95729K [0x0000000080000000, 0x0000000100000000)
  region size 1024K, 23 young (23552K), 3 survivors (3072K)
 Metaspace       used 78429K, committed 80256K, reserved 1179648K
  class space    used 10582K, committed 11520K, reserved 1048576K
}
Event: 17.870 GC heap after
{Heap after GC invocations=38 (full 0):
 garbage-first heap   total 126976K, used 74158K [0x0000000080000000, 0x0000000100000000)
  region size 1024K, 2 young (2048K), 2 survivors (2048K)
 Metaspace       used 78429K, committed 80256K, reserved 1179648K
  class space    used 10582K, committed 11520K, reserved 1048576K
}
Event: 18.396 GC heap before
{Heap before GC invocations=38 (full 0):
 garbage-first heap   total 126976K, used 103854K [0x0000000080000000, 0x0000000100000000)
  region size 1024K, 31 young (31744K), 2 survivors (2048K)
 Metaspace       used 80692K, committed 82496K, reserved 1179648K
  class space    used 10875K, committed 11776K, reserved 1048576K
}
Event: 18.401 GC heap after
{Heap after GC invocations=39 (full 0):
 garbage-first heap   total 126976K, used 74695K [0x0000000080000000, 0x0000000100000000)
  region size 1024K, 4 young (4096K), 4 survivors (4096K)
 Metaspace       used 80692K, committed 82496K, reserved 1179648K
  class space    used 10875K, committed 11776K, reserved 1048576K
}
Event: 18.684 GC heap before
{Heap before GC invocations=39 (full 0):
 garbage-first heap   total 126976K, used 88007K [0x0000000080000000, 0x0000000100000000)
  region size 1024K, 18 young (18432K), 4 survivors (4096K)
 Metaspace       used 81717K, committed 83520K, reserved 1179648K
  class space    used 11004K, committed 11904K, reserved 1048576K
}
Event: 18.687 GC heap after
{Heap after GC invocations=40 (full 0):
 garbage-first heap   total 126976K, used 75443K [0x0000000080000000, 0x0000000100000000)
  region size 1024K, 3 young (3072K), 3 survivors (3072K)
 Metaspace       used 81717K, committed 83520K, reserved 1179648K
  class space    used 11004K, committed 11904K, reserved 1048576K
}
Event: 19.568 GC heap before
{Heap before GC invocations=41 (full 0):
 garbage-first heap   total 133120K, used 120499K [0x0000000080000000, 0x0000000100000000)
  region size 1024K, 36 young (36864K), 3 survivors (3072K)
 Metaspace       used 85164K, committed 86976K, reserved 1179648K
  class space    used 11447K, committed 12352K, reserved 1048576K
}
Event: 19.572 GC heap after
{Heap after GC invocations=42 (full 0):
 garbage-first heap   total 159744K, used 89602K [0x0000000080000000, 0x0000000100000000)
  region size 1024K, 5 young (5120K), 5 survivors (5120K)
 Metaspace       used 85164K, committed 86976K, reserved 1179648K
  class space    used 11447K, committed 12352K, reserved 1048576K
}
Event: 20.505 GC heap before
{Heap before GC invocations=42 (full 0):
 garbage-first heap   total 159744K, used 135682K [0x0000000080000000, 0x0000000100000000)
  region size 1024K, 50 young (51200K), 5 survivors (5120K)
 Metaspace       used 88337K, committed 90304K, reserved 1179648K
  class space    used 11857K, committed 12864K, reserved 1048576K
}
Event: 20.513 GC heap after
{Heap after GC invocations=43 (full 0):
 garbage-first heap   total 159744K, used 92777K [0x0000000080000000, 0x0000000100000000)
  region size 1024K, 7 young (7168K), 7 survivors (7168K)
 Metaspace       used 88337K, committed 90304K, reserved 1179648K
  class space    used 11857K, committed 12864K, reserved 1048576K
}
Event: 21.243 GC heap before
{Heap before GC invocations=43 (full 0):
 garbage-first heap   total 159744K, used 138857K [0x0000000080000000, 0x0000000100000000)
  region size 1024K, 52 young (53248K), 7 survivors (7168K)
 Metaspace       used 89903K, committed 91840K, reserved 1179648K
  class space    used 12052K, committed 13056K, reserved 1048576K
}
Event: 21.251 GC heap after
{Heap after GC invocations=44 (full 0):
 garbage-first heap   total 159744K, used 95973K [0x0000000080000000, 0x0000000100000000)
  region size 1024K, 7 young (7168K), 7 survivors (7168K)
 Metaspace       used 89903K, committed 91840K, reserved 1179648K
  class space    used 12052K, committed 13056K, reserved 1048576K
}
Event: 22.311 GC heap before
{Heap before GC invocations=45 (full 0):
 garbage-first heap   total 160768K, used 138981K [0x0000000080000000, 0x0000000100000000)
  region size 1024K, 50 young (51200K), 7 survivors (7168K)
 Metaspace       used 93128K, committed 95104K, reserved 1179648K
  class space    used 12566K, committed 13568K, reserved 1048576K
}
Event: 22.317 GC heap after
{Heap after GC invocations=46 (full 0):
 garbage-first heap   total 160768K, used 96948K [0x0000000080000000, 0x0000000100000000)
  region size 1024K, 6 young (6144K), 6 survivors (6144K)
 Metaspace       used 93128K, committed 95104K, reserved 1179648K
  class space    used 12566K, committed 13568K, reserved 1048576K
}
Event: 23.387 GC heap before
{Heap before GC invocations=46 (full 0):
 garbage-first heap   total 160768K, used 143028K [0x0000000080000000, 0x0000000100000000)
  region size 1024K, 51 young (52224K), 6 survivors (6144K)
 Metaspace       used 96853K, committed 98880K, reserved 1179648K
  class space    used 13201K, committed 14208K, reserved 1048576K
}
Event: 23.392 GC heap after
{Heap after GC invocations=47 (full 0):
 garbage-first heap   total 160768K, used 97000K [0x0000000080000000, 0x0000000100000000)
  region size 1024K, 4 young (4096K), 4 survivors (4096K)
 Metaspace       used 96853K, committed 98880K, reserved 1179648K
  class space    used 13201K, committed 14208K, reserved 1048576K
}
Event: 24.265 GC heap before
{Heap before GC invocations=47 (full 0):
 garbage-first heap   total 160768K, used 145128K [0x0000000080000000, 0x0000000100000000)
  region size 1024K, 51 young (52224K), 4 survivors (4096K)
 Metaspace       used 100224K, committed 102336K, reserved 1179648K
  class space    used 13685K, committed 14784K, reserved 1048576K
}
Event: 24.272 GC heap after
{Heap after GC invocations=48 (full 0):
 garbage-first heap   total 160768K, used 99999K [0x0000000080000000, 0x0000000100000000)
  region size 1024K, 7 young (7168K), 7 survivors (7168K)
 Metaspace       used 100224K, committed 102336K, reserved 1179648K
  class space    used 13685K, committed 14784K, reserved 1048576K
}
Event: 25.181 GC heap before
{Heap before GC invocations=49 (full 0):
 garbage-first heap   total 167936K, used 144031K [0x0000000080000000, 0x0000000100000000)
  region size 1024K, 50 young (51200K), 7 survivors (7168K)
 Metaspace       used 103405K, committed 105472K, reserved 1179648K
  class space    used 14211K, committed 15232K, reserved 1048576K
}
Event: 25.188 GC heap after
{Heap after GC invocations=50 (full 0):
 garbage-first heap   total 167936K, used 102012K [0x0000000080000000, 0x0000000100000000)
  region size 1024K, 6 young (6144K), 6 survivors (6144K)
 Metaspace       used 103405K, committed 105472K, reserved 1179648K
  class space    used 14211K, committed 15232K, reserved 1048576K
}

